2015-04-02 10:59:34,076 WARN org.apache.hadoop.util.NativeCodeLoader: Unable to load native-hadoop library for your platform... using builtin-java classes where applicable
2015-04-02 10:59:34,454 INFO org.apache.hadoop.conf.Configuration.deprecation: session.id is deprecated. Instead, use dfs.metrics.session-id
2015-04-02 10:59:34,455 INFO org.apache.hadoop.metrics.jvm.JvmMetrics: Initializing JVM Metrics with processName=JobTracker, sessionId=
2015-04-02 10:59:35,311 WARN org.apache.hadoop.mapreduce.JobSubmitter: No job jar file set.  User classes may not be found. See Job or Job#setJar(String).
2015-04-02 10:59:35,346 INFO org.apache.hadoop.mapreduce.lib.input.FileInputFormat: Total input paths to process : 1
2015-04-02 10:59:35,436 INFO org.apache.hadoop.mapreduce.JobSubmitter: number of splits:1
2015-04-02 10:59:35,689 INFO org.apache.hadoop.mapreduce.JobSubmitter: Submitting tokens for job: job_local1208720935_0001
2015-04-02 10:59:35,800 WARN org.apache.hadoop.conf.Configuration: file:/tmp/hadoop-cloudera/mapred/staging/cloudera1208720935/.staging/job_local1208720935_0001/job.xml:an attempt to override final parameter: mapreduce.job.end-notification.max.retry.interval;  Ignoring.
2015-04-02 10:59:35,821 WARN org.apache.hadoop.conf.Configuration: file:/tmp/hadoop-cloudera/mapred/staging/cloudera1208720935/.staging/job_local1208720935_0001/job.xml:an attempt to override final parameter: mapreduce.job.end-notification.max.attempts;  Ignoring.
2015-04-02 10:59:36,154 WARN org.apache.hadoop.conf.Configuration: file:/tmp/hadoop-cloudera/mapred/local/localRunner/cloudera/job_local1208720935_0001/job_local1208720935_0001.xml:an attempt to override final parameter: mapreduce.job.end-notification.max.retry.interval;  Ignoring.
2015-04-02 10:59:36,162 WARN org.apache.hadoop.conf.Configuration: file:/tmp/hadoop-cloudera/mapred/local/localRunner/cloudera/job_local1208720935_0001/job_local1208720935_0001.xml:an attempt to override final parameter: mapreduce.job.end-notification.max.attempts;  Ignoring.
2015-04-02 10:59:36,184 INFO org.apache.hadoop.mapreduce.Job: The url to track the job: http://localhost:8080/
2015-04-02 10:59:36,184 INFO org.apache.hadoop.mapreduce.Job: Running job: job_local1208720935_0001
2015-04-02 10:59:36,190 INFO org.apache.hadoop.mapred.LocalJobRunner: OutputCommitter set in config null
2015-04-02 10:59:36,217 INFO org.apache.hadoop.mapred.LocalJobRunner: OutputCommitter is org.apache.hadoop.mapreduce.lib.output.FileOutputCommitter
2015-04-02 10:59:36,348 INFO org.apache.hadoop.mapred.LocalJobRunner: Waiting for map tasks
2015-04-02 10:59:36,350 INFO org.apache.hadoop.mapred.LocalJobRunner: Starting task: attempt_local1208720935_0001_m_000000_0
2015-04-02 10:59:36,446 INFO org.apache.hadoop.mapred.Task:  Using ResourceCalculatorProcessTree : [ ]
2015-04-02 10:59:36,451 INFO org.apache.hadoop.mapred.MapTask: Processing split: file:/home/cloudera/Desktop/AdvanceDBHw3-master/WordCount/soc-LiveJournal1Adj.txt:0+4106186
2015-04-02 10:59:36,729 INFO org.apache.hadoop.mapred.MapTask: (EQUATOR) 0 kvi 26214396(104857584)
2015-04-02 10:59:36,731 INFO org.apache.hadoop.mapred.MapTask: mapreduce.task.io.sort.mb: 100
2015-04-02 10:59:36,731 INFO org.apache.hadoop.mapred.MapTask: soft limit at 83886080
2015-04-02 10:59:36,731 INFO org.apache.hadoop.mapred.MapTask: bufstart = 0; bufvoid = 104857600
2015-04-02 10:59:36,731 INFO org.apache.hadoop.mapred.MapTask: kvstart = 26214396; length = 6553600
2015-04-02 10:59:36,737 INFO org.apache.hadoop.mapred.MapTask: Map output collector class = org.apache.hadoop.mapred.MapTask$MapOutputBuffer
2015-04-02 10:59:37,187 INFO org.apache.hadoop.mapreduce.Job: Job job_local1208720935_0001 running in uber mode : false
2015-04-02 10:59:37,193 INFO org.apache.hadoop.mapreduce.Job:  map 0% reduce 0%
2015-04-02 10:59:37,500 INFO org.apache.hadoop.mapred.LocalJobRunner: 
2015-04-02 10:59:37,501 INFO org.apache.hadoop.mapred.MapTask: Starting flush of map output
2015-04-02 10:59:37,501 INFO org.apache.hadoop.mapred.MapTask: Spilling map output
2015-04-02 10:59:37,501 INFO org.apache.hadoop.mapred.MapTask: bufstart = 0; bufend = 94; bufvoid = 104857600
2015-04-02 10:59:37,501 INFO org.apache.hadoop.mapred.MapTask: kvstart = 26214396(104857584); kvend = 26214372(104857488); length = 25/6553600
2015-04-02 10:59:37,510 INFO org.apache.hadoop.mapred.MapTask: Finished spill 0
2015-04-02 10:59:37,515 INFO org.apache.hadoop.mapred.Task: Task:attempt_local1208720935_0001_m_000000_0 is done. And is in the process of committing
2015-04-02 10:59:37,525 INFO org.apache.hadoop.mapred.LocalJobRunner: map
2015-04-02 10:59:37,525 INFO org.apache.hadoop.mapred.Task: Task 'attempt_local1208720935_0001_m_000000_0' done.
2015-04-02 10:59:37,525 INFO org.apache.hadoop.mapred.LocalJobRunner: Finishing task: attempt_local1208720935_0001_m_000000_0
2015-04-02 10:59:37,526 INFO org.apache.hadoop.mapred.LocalJobRunner: map task executor complete.
2015-04-02 10:59:37,530 INFO org.apache.hadoop.mapred.LocalJobRunner: Waiting for reduce tasks
2015-04-02 10:59:37,531 INFO org.apache.hadoop.mapred.LocalJobRunner: Starting task: attempt_local1208720935_0001_r_000000_0
2015-04-02 10:59:37,542 INFO org.apache.hadoop.mapred.Task:  Using ResourceCalculatorProcessTree : [ ]
2015-04-02 10:59:37,544 INFO org.apache.hadoop.mapred.ReduceTask: Using ShuffleConsumerPlugin: org.apache.hadoop.mapreduce.task.reduce.Shuffle@2fbd581e
2015-04-02 10:59:37,556 INFO org.apache.hadoop.mapreduce.task.reduce.MergeManagerImpl: MergerManager: memoryLimit=679778688, maxSingleShuffleLimit=169944672, mergeThreshold=448653952, ioSortFactor=10, memToMemMergeOutputsThreshold=10
2015-04-02 10:59:37,567 INFO org.apache.hadoop.mapreduce.task.reduce.EventFetcher: attempt_local1208720935_0001_r_000000_0 Thread started: EventFetcher for fetching Map Completion Events
2015-04-02 10:59:37,600 INFO org.apache.hadoop.mapreduce.task.reduce.LocalFetcher: localfetcher#1 about to shuffle output of map attempt_local1208720935_0001_m_000000_0 decomp: 110 len: 114 to MEMORY
2015-04-02 10:59:37,606 INFO org.apache.hadoop.mapreduce.task.reduce.InMemoryMapOutput: Read 110 bytes from map-output for attempt_local1208720935_0001_m_000000_0
2015-04-02 10:59:37,640 INFO org.apache.hadoop.mapreduce.task.reduce.MergeManagerImpl: closeInMemoryFile -> map-output of size: 110, inMemoryMapOutputs.size() -> 1, commitMemory -> 0, usedMemory ->110
2015-04-02 10:59:37,642 INFO org.apache.hadoop.mapreduce.task.reduce.EventFetcher: EventFetcher is interrupted.. Returning
2015-04-02 10:59:37,645 INFO org.apache.hadoop.mapred.LocalJobRunner: 1 / 1 copied.
2015-04-02 10:59:37,646 INFO org.apache.hadoop.mapreduce.task.reduce.MergeManagerImpl: finalMerge called with 1 in-memory map-outputs and 0 on-disk map-outputs
2015-04-02 10:59:37,652 INFO org.apache.hadoop.mapred.Merger: Merging 1 sorted segments
2015-04-02 10:59:37,652 INFO org.apache.hadoop.mapred.Merger: Down to the last merge-pass, with 1 segments left of total size: 100 bytes
2015-04-02 10:59:37,653 INFO org.apache.hadoop.mapreduce.task.reduce.MergeManagerImpl: Merged 1 segments, 110 bytes to disk to satisfy reduce memory limit
2015-04-02 10:59:37,654 INFO org.apache.hadoop.mapreduce.task.reduce.MergeManagerImpl: Merging 1 files, 114 bytes from disk
2015-04-02 10:59:37,654 INFO org.apache.hadoop.mapreduce.task.reduce.MergeManagerImpl: Merging 0 segments, 0 bytes from memory into reduce
2015-04-02 10:59:37,654 INFO org.apache.hadoop.mapred.Merger: Merging 1 sorted segments
2015-04-02 10:59:37,655 INFO org.apache.hadoop.mapred.Merger: Down to the last merge-pass, with 1 segments left of total size: 100 bytes
2015-04-02 10:59:37,655 INFO org.apache.hadoop.mapred.LocalJobRunner: 1 / 1 copied.
2015-04-02 10:59:37,663 INFO org.apache.hadoop.conf.Configuration.deprecation: mapred.skip.on is deprecated. Instead, use mapreduce.job.skiprecords
2015-04-02 10:59:37,668 INFO org.apache.hadoop.mapred.Task: Task:attempt_local1208720935_0001_r_000000_0 is done. And is in the process of committing
2015-04-02 10:59:37,670 INFO org.apache.hadoop.mapred.LocalJobRunner: 1 / 1 copied.
2015-04-02 10:59:37,671 INFO org.apache.hadoop.mapred.Task: Task attempt_local1208720935_0001_r_000000_0 is allowed to commit now
2015-04-02 10:59:37,672 INFO org.apache.hadoop.mapreduce.lib.output.FileOutputCommitter: Saved output of task 'attempt_local1208720935_0001_r_000000_0' to file:/home/cloudera/Desktop/AdvanceDBHw3-master/WordCount/output/_temporary/0/task_local1208720935_0001_r_000000
2015-04-02 10:59:37,673 INFO org.apache.hadoop.mapred.LocalJobRunner: reduce > reduce
2015-04-02 10:59:37,674 INFO org.apache.hadoop.mapred.Task: Task 'attempt_local1208720935_0001_r_000000_0' done.
2015-04-02 10:59:37,674 INFO org.apache.hadoop.mapred.LocalJobRunner: Finishing task: attempt_local1208720935_0001_r_000000_0
2015-04-02 10:59:37,674 INFO org.apache.hadoop.mapred.LocalJobRunner: reduce task executor complete.
2015-04-02 10:59:38,200 INFO org.apache.hadoop.mapreduce.Job:  map 100% reduce 100%
2015-04-02 10:59:38,201 INFO org.apache.hadoop.mapreduce.Job: Job job_local1208720935_0001 completed successfully
2015-04-02 10:59:38,213 INFO org.apache.hadoop.mapreduce.Job: Counters: 33
	File System Counters
		FILE: Number of bytes read=8213038
		FILE: Number of bytes written=501752
		FILE: Number of read operations=0
		FILE: Number of large read operations=0
		FILE: Number of write operations=0
	Map-Reduce Framework
		Map input records=49995
		Map output records=7
		Map output bytes=94
		Map output materialized bytes=114
		Input split bytes=146
		Combine input records=0
		Combine output records=0
		Reduce input groups=7
		Reduce shuffle bytes=114
		Reduce input records=7
		Reduce output records=7
		Spilled Records=14
		Shuffled Maps =1
		Failed Shuffles=0
		Merged Map outputs=1
		GC time elapsed (ms)=174
		CPU time spent (ms)=0
		Physical memory (bytes) snapshot=0
		Virtual memory (bytes) snapshot=0
		Total committed heap usage (bytes)=332824576
	Shuffle Errors
		BAD_ID=0
		CONNECTION=0
		IO_ERROR=0
		WRONG_LENGTH=0
		WRONG_MAP=0
		WRONG_REDUCE=0
	File Input Format Counters 
		Bytes Read=4106186
	File Output Format Counters 
		Bytes Written=92
2015-04-02 11:02:30,225 WARN org.apache.hadoop.util.NativeCodeLoader: Unable to load native-hadoop library for your platform... using builtin-java classes where applicable
2015-04-02 11:02:30,667 INFO org.apache.hadoop.conf.Configuration.deprecation: session.id is deprecated. Instead, use dfs.metrics.session-id
2015-04-02 11:02:30,669 INFO org.apache.hadoop.metrics.jvm.JvmMetrics: Initializing JVM Metrics with processName=JobTracker, sessionId=
2015-04-02 11:02:31,551 WARN org.apache.hadoop.mapreduce.JobSubmitter: No job jar file set.  User classes may not be found. See Job or Job#setJar(String).
2015-04-02 11:02:31,577 INFO org.apache.hadoop.mapreduce.lib.input.FileInputFormat: Total input paths to process : 1
2015-04-02 11:02:31,671 INFO org.apache.hadoop.mapreduce.JobSubmitter: number of splits:1
2015-04-02 11:02:31,940 INFO org.apache.hadoop.mapreduce.JobSubmitter: Submitting tokens for job: job_local2003969810_0001
2015-04-02 11:02:32,044 WARN org.apache.hadoop.conf.Configuration: file:/tmp/hadoop-cloudera/mapred/staging/cloudera2003969810/.staging/job_local2003969810_0001/job.xml:an attempt to override final parameter: mapreduce.job.end-notification.max.retry.interval;  Ignoring.
2015-04-02 11:02:32,071 WARN org.apache.hadoop.conf.Configuration: file:/tmp/hadoop-cloudera/mapred/staging/cloudera2003969810/.staging/job_local2003969810_0001/job.xml:an attempt to override final parameter: mapreduce.job.end-notification.max.attempts;  Ignoring.
2015-04-02 11:02:32,376 WARN org.apache.hadoop.conf.Configuration: file:/tmp/hadoop-cloudera/mapred/local/localRunner/cloudera/job_local2003969810_0001/job_local2003969810_0001.xml:an attempt to override final parameter: mapreduce.job.end-notification.max.retry.interval;  Ignoring.
2015-04-02 11:02:32,397 WARN org.apache.hadoop.conf.Configuration: file:/tmp/hadoop-cloudera/mapred/local/localRunner/cloudera/job_local2003969810_0001/job_local2003969810_0001.xml:an attempt to override final parameter: mapreduce.job.end-notification.max.attempts;  Ignoring.
2015-04-02 11:02:32,415 INFO org.apache.hadoop.mapreduce.Job: The url to track the job: http://localhost:8080/
2015-04-02 11:02:32,416 INFO org.apache.hadoop.mapreduce.Job: Running job: job_local2003969810_0001
2015-04-02 11:02:32,419 INFO org.apache.hadoop.mapred.LocalJobRunner: OutputCommitter set in config null
2015-04-02 11:02:32,448 INFO org.apache.hadoop.mapred.LocalJobRunner: OutputCommitter is org.apache.hadoop.mapreduce.lib.output.FileOutputCommitter
2015-04-02 11:02:32,606 INFO org.apache.hadoop.mapred.LocalJobRunner: Waiting for map tasks
2015-04-02 11:02:32,607 INFO org.apache.hadoop.mapred.LocalJobRunner: Starting task: attempt_local2003969810_0001_m_000000_0
2015-04-02 11:02:32,784 INFO org.apache.hadoop.mapred.Task:  Using ResourceCalculatorProcessTree : [ ]
2015-04-02 11:02:32,789 INFO org.apache.hadoop.mapred.MapTask: Processing split: file:/home/cloudera/Desktop/AdvanceDBHw3-master/WordCount/soc-LiveJournal1Adj.txt:0+4106186
2015-04-02 11:02:33,090 INFO org.apache.hadoop.mapred.MapTask: (EQUATOR) 0 kvi 26214396(104857584)
2015-04-02 11:02:33,091 INFO org.apache.hadoop.mapred.MapTask: mapreduce.task.io.sort.mb: 100
2015-04-02 11:02:33,094 INFO org.apache.hadoop.mapred.MapTask: soft limit at 83886080
2015-04-02 11:02:33,094 INFO org.apache.hadoop.mapred.MapTask: bufstart = 0; bufvoid = 104857600
2015-04-02 11:02:33,094 INFO org.apache.hadoop.mapred.MapTask: kvstart = 26214396; length = 6553600
2015-04-02 11:02:33,102 INFO org.apache.hadoop.mapred.MapTask: Map output collector class = org.apache.hadoop.mapred.MapTask$MapOutputBuffer
2015-04-02 11:02:33,429 INFO org.apache.hadoop.mapreduce.Job: Job job_local2003969810_0001 running in uber mode : false
2015-04-02 11:02:33,430 INFO org.apache.hadoop.mapreduce.Job:  map 0% reduce 0%
2015-04-02 11:02:33,644 INFO org.apache.hadoop.mapred.LocalJobRunner: 
2015-04-02 11:02:33,647 INFO org.apache.hadoop.mapred.MapTask: Starting flush of map output
2015-04-02 11:02:33,647 INFO org.apache.hadoop.mapred.MapTask: Spilling map output
2015-04-02 11:02:33,647 INFO org.apache.hadoop.mapred.MapTask: bufstart = 0; bufend = 70; bufvoid = 104857600
2015-04-02 11:02:33,647 INFO org.apache.hadoop.mapred.MapTask: kvstart = 26214396(104857584); kvend = 26214380(104857520); length = 17/6553600
2015-04-02 11:02:33,666 INFO org.apache.hadoop.mapred.MapTask: Finished spill 0
2015-04-02 11:02:33,675 INFO org.apache.hadoop.mapred.Task: Task:attempt_local2003969810_0001_m_000000_0 is done. And is in the process of committing
2015-04-02 11:02:33,695 INFO org.apache.hadoop.mapred.LocalJobRunner: map
2015-04-02 11:02:33,696 INFO org.apache.hadoop.mapred.Task: Task 'attempt_local2003969810_0001_m_000000_0' done.
2015-04-02 11:02:33,696 INFO org.apache.hadoop.mapred.LocalJobRunner: Finishing task: attempt_local2003969810_0001_m_000000_0
2015-04-02 11:02:33,696 INFO org.apache.hadoop.mapred.LocalJobRunner: map task executor complete.
2015-04-02 11:02:33,701 INFO org.apache.hadoop.mapred.LocalJobRunner: Waiting for reduce tasks
2015-04-02 11:02:33,701 INFO org.apache.hadoop.mapred.LocalJobRunner: Starting task: attempt_local2003969810_0001_r_000000_0
2015-04-02 11:02:33,718 INFO org.apache.hadoop.mapred.Task:  Using ResourceCalculatorProcessTree : [ ]
2015-04-02 11:02:33,722 INFO org.apache.hadoop.mapred.ReduceTask: Using ShuffleConsumerPlugin: org.apache.hadoop.mapreduce.task.reduce.Shuffle@669251cc
2015-04-02 11:02:33,747 INFO org.apache.hadoop.mapreduce.task.reduce.MergeManagerImpl: MergerManager: memoryLimit=679778688, maxSingleShuffleLimit=169944672, mergeThreshold=448653952, ioSortFactor=10, memToMemMergeOutputsThreshold=10
2015-04-02 11:02:33,768 INFO org.apache.hadoop.mapreduce.task.reduce.EventFetcher: attempt_local2003969810_0001_r_000000_0 Thread started: EventFetcher for fetching Map Completion Events
2015-04-02 11:02:33,799 INFO org.apache.hadoop.mapreduce.task.reduce.LocalFetcher: localfetcher#1 about to shuffle output of map attempt_local2003969810_0001_m_000000_0 decomp: 82 len: 86 to MEMORY
2015-04-02 11:02:33,806 INFO org.apache.hadoop.mapreduce.task.reduce.InMemoryMapOutput: Read 82 bytes from map-output for attempt_local2003969810_0001_m_000000_0
2015-04-02 11:02:33,834 INFO org.apache.hadoop.mapreduce.task.reduce.MergeManagerImpl: closeInMemoryFile -> map-output of size: 82, inMemoryMapOutputs.size() -> 1, commitMemory -> 0, usedMemory ->82
2015-04-02 11:02:33,836 INFO org.apache.hadoop.mapreduce.task.reduce.EventFetcher: EventFetcher is interrupted.. Returning
2015-04-02 11:02:33,837 INFO org.apache.hadoop.mapred.LocalJobRunner: 1 / 1 copied.
2015-04-02 11:02:33,837 INFO org.apache.hadoop.mapreduce.task.reduce.MergeManagerImpl: finalMerge called with 1 in-memory map-outputs and 0 on-disk map-outputs
2015-04-02 11:02:33,845 INFO org.apache.hadoop.mapred.Merger: Merging 1 sorted segments
2015-04-02 11:02:33,846 INFO org.apache.hadoop.mapred.Merger: Down to the last merge-pass, with 1 segments left of total size: 70 bytes
2015-04-02 11:02:33,847 INFO org.apache.hadoop.mapreduce.task.reduce.MergeManagerImpl: Merged 1 segments, 82 bytes to disk to satisfy reduce memory limit
2015-04-02 11:02:33,847 INFO org.apache.hadoop.mapreduce.task.reduce.MergeManagerImpl: Merging 1 files, 86 bytes from disk
2015-04-02 11:02:33,848 INFO org.apache.hadoop.mapreduce.task.reduce.MergeManagerImpl: Merging 0 segments, 0 bytes from memory into reduce
2015-04-02 11:02:33,848 INFO org.apache.hadoop.mapred.Merger: Merging 1 sorted segments
2015-04-02 11:02:33,848 INFO org.apache.hadoop.mapred.Merger: Down to the last merge-pass, with 1 segments left of total size: 70 bytes
2015-04-02 11:02:33,848 INFO org.apache.hadoop.mapred.LocalJobRunner: 1 / 1 copied.
2015-04-02 11:02:33,855 INFO org.apache.hadoop.conf.Configuration.deprecation: mapred.skip.on is deprecated. Instead, use mapreduce.job.skiprecords
2015-04-02 11:02:33,861 INFO org.apache.hadoop.mapred.Task: Task:attempt_local2003969810_0001_r_000000_0 is done. And is in the process of committing
2015-04-02 11:02:33,862 INFO org.apache.hadoop.mapred.LocalJobRunner: 1 / 1 copied.
2015-04-02 11:02:33,862 INFO org.apache.hadoop.mapred.Task: Task attempt_local2003969810_0001_r_000000_0 is allowed to commit now
2015-04-02 11:02:33,862 INFO org.apache.hadoop.mapreduce.lib.output.FileOutputCommitter: Saved output of task 'attempt_local2003969810_0001_r_000000_0' to file:/home/cloudera/Desktop/AdvanceDBHw3-master/WordCount/output/_temporary/0/task_local2003969810_0001_r_000000
2015-04-02 11:02:33,864 INFO org.apache.hadoop.mapred.LocalJobRunner: reduce > reduce
2015-04-02 11:02:33,864 INFO org.apache.hadoop.mapred.Task: Task 'attempt_local2003969810_0001_r_000000_0' done.
2015-04-02 11:02:33,864 INFO org.apache.hadoop.mapred.LocalJobRunner: Finishing task: attempt_local2003969810_0001_r_000000_0
2015-04-02 11:02:33,865 INFO org.apache.hadoop.mapred.LocalJobRunner: reduce task executor complete.
2015-04-02 11:02:34,433 INFO org.apache.hadoop.mapreduce.Job:  map 100% reduce 100%
2015-04-02 11:02:34,434 INFO org.apache.hadoop.mapreduce.Job: Job job_local2003969810_0001 completed successfully
2015-04-02 11:02:34,447 INFO org.apache.hadoop.mapreduce.Job: Counters: 33
	File System Counters
		FILE: Number of bytes read=8212982
		FILE: Number of bytes written=501624
		FILE: Number of read operations=0
		FILE: Number of large read operations=0
		FILE: Number of write operations=0
	Map-Reduce Framework
		Map input records=49995
		Map output records=5
		Map output bytes=70
		Map output materialized bytes=86
		Input split bytes=146
		Combine input records=0
		Combine output records=0
		Reduce input groups=3
		Reduce shuffle bytes=86
		Reduce input records=5
		Reduce output records=3
		Spilled Records=10
		Shuffled Maps =1
		Failed Shuffles=0
		Merged Map outputs=1
		GC time elapsed (ms)=201
		CPU time spent (ms)=0
		Physical memory (bytes) snapshot=0
		Virtual memory (bytes) snapshot=0
		Total committed heap usage (bytes)=334290944
	Shuffle Errors
		BAD_ID=0
		CONNECTION=0
		IO_ERROR=0
		WRONG_LENGTH=0
		WRONG_MAP=0
		WRONG_REDUCE=0
	File Input Format Counters 
		Bytes Read=4106186
	File Output Format Counters 
		Bytes Written=48
2015-04-02 11:03:55,060 WARN org.apache.hadoop.util.NativeCodeLoader: Unable to load native-hadoop library for your platform... using builtin-java classes where applicable
2015-04-02 11:03:55,445 INFO org.apache.hadoop.conf.Configuration.deprecation: session.id is deprecated. Instead, use dfs.metrics.session-id
2015-04-02 11:03:55,451 INFO org.apache.hadoop.metrics.jvm.JvmMetrics: Initializing JVM Metrics with processName=JobTracker, sessionId=
2015-04-02 11:03:56,287 WARN org.apache.hadoop.mapreduce.JobSubmitter: No job jar file set.  User classes may not be found. See Job or Job#setJar(String).
2015-04-02 11:03:56,323 INFO org.apache.hadoop.mapreduce.lib.input.FileInputFormat: Total input paths to process : 1
2015-04-02 11:03:56,429 INFO org.apache.hadoop.mapreduce.JobSubmitter: number of splits:1
2015-04-02 11:03:56,703 INFO org.apache.hadoop.mapreduce.JobSubmitter: Submitting tokens for job: job_local1579580389_0001
2015-04-02 11:03:56,818 WARN org.apache.hadoop.conf.Configuration: file:/tmp/hadoop-cloudera/mapred/staging/cloudera1579580389/.staging/job_local1579580389_0001/job.xml:an attempt to override final parameter: mapreduce.job.end-notification.max.retry.interval;  Ignoring.
2015-04-02 11:03:56,835 WARN org.apache.hadoop.conf.Configuration: file:/tmp/hadoop-cloudera/mapred/staging/cloudera1579580389/.staging/job_local1579580389_0001/job.xml:an attempt to override final parameter: mapreduce.job.end-notification.max.attempts;  Ignoring.
2015-04-02 11:03:57,119 WARN org.apache.hadoop.conf.Configuration: file:/tmp/hadoop-cloudera/mapred/local/localRunner/cloudera/job_local1579580389_0001/job_local1579580389_0001.xml:an attempt to override final parameter: mapreduce.job.end-notification.max.retry.interval;  Ignoring.
2015-04-02 11:03:57,133 WARN org.apache.hadoop.conf.Configuration: file:/tmp/hadoop-cloudera/mapred/local/localRunner/cloudera/job_local1579580389_0001/job_local1579580389_0001.xml:an attempt to override final parameter: mapreduce.job.end-notification.max.attempts;  Ignoring.
2015-04-02 11:03:57,150 INFO org.apache.hadoop.mapreduce.Job: The url to track the job: http://localhost:8080/
2015-04-02 11:03:57,150 INFO org.apache.hadoop.mapreduce.Job: Running job: job_local1579580389_0001
2015-04-02 11:03:57,153 INFO org.apache.hadoop.mapred.LocalJobRunner: OutputCommitter set in config null
2015-04-02 11:03:57,193 INFO org.apache.hadoop.mapred.LocalJobRunner: OutputCommitter is org.apache.hadoop.mapreduce.lib.output.FileOutputCommitter
2015-04-02 11:03:57,309 INFO org.apache.hadoop.mapred.LocalJobRunner: Waiting for map tasks
2015-04-02 11:03:57,313 INFO org.apache.hadoop.mapred.LocalJobRunner: Starting task: attempt_local1579580389_0001_m_000000_0
2015-04-02 11:03:57,403 INFO org.apache.hadoop.mapred.Task:  Using ResourceCalculatorProcessTree : [ ]
2015-04-02 11:03:57,407 INFO org.apache.hadoop.mapred.MapTask: Processing split: file:/home/cloudera/Desktop/AdvanceDBHw3-master/WordCount/soc-LiveJournal1Adj.txt:0+4106186
2015-04-02 11:03:57,671 INFO org.apache.hadoop.mapred.MapTask: (EQUATOR) 0 kvi 26214396(104857584)
2015-04-02 11:03:57,674 INFO org.apache.hadoop.mapred.MapTask: mapreduce.task.io.sort.mb: 100
2015-04-02 11:03:57,674 INFO org.apache.hadoop.mapred.MapTask: soft limit at 83886080
2015-04-02 11:03:57,674 INFO org.apache.hadoop.mapred.MapTask: bufstart = 0; bufvoid = 104857600
2015-04-02 11:03:57,674 INFO org.apache.hadoop.mapred.MapTask: kvstart = 26214396; length = 6553600
2015-04-02 11:03:57,683 INFO org.apache.hadoop.mapred.MapTask: Map output collector class = org.apache.hadoop.mapred.MapTask$MapOutputBuffer
2015-04-02 11:03:58,159 INFO org.apache.hadoop.mapreduce.Job: Job job_local1579580389_0001 running in uber mode : false
2015-04-02 11:03:58,161 INFO org.apache.hadoop.mapreduce.Job:  map 0% reduce 0%
2015-04-02 11:03:58,247 INFO org.apache.hadoop.mapred.LocalJobRunner: 
2015-04-02 11:03:58,249 INFO org.apache.hadoop.mapred.MapTask: Starting flush of map output
2015-04-02 11:03:58,249 INFO org.apache.hadoop.mapred.MapTask: Spilling map output
2015-04-02 11:03:58,249 INFO org.apache.hadoop.mapred.MapTask: bufstart = 0; bufend = 84; bufvoid = 104857600
2015-04-02 11:03:58,249 INFO org.apache.hadoop.mapred.MapTask: kvstart = 26214396(104857584); kvend = 26214376(104857504); length = 21/6553600
2015-04-02 11:03:58,261 INFO org.apache.hadoop.mapred.MapTask: Finished spill 0
2015-04-02 11:03:58,268 INFO org.apache.hadoop.mapred.Task: Task:attempt_local1579580389_0001_m_000000_0 is done. And is in the process of committing
2015-04-02 11:03:58,281 INFO org.apache.hadoop.mapred.LocalJobRunner: map
2015-04-02 11:03:58,282 INFO org.apache.hadoop.mapred.Task: Task 'attempt_local1579580389_0001_m_000000_0' done.
2015-04-02 11:03:58,282 INFO org.apache.hadoop.mapred.LocalJobRunner: Finishing task: attempt_local1579580389_0001_m_000000_0
2015-04-02 11:03:58,282 INFO org.apache.hadoop.mapred.LocalJobRunner: map task executor complete.
2015-04-02 11:03:58,284 INFO org.apache.hadoop.mapred.LocalJobRunner: Waiting for reduce tasks
2015-04-02 11:03:58,285 INFO org.apache.hadoop.mapred.LocalJobRunner: Starting task: attempt_local1579580389_0001_r_000000_0
2015-04-02 11:03:58,292 INFO org.apache.hadoop.mapred.Task:  Using ResourceCalculatorProcessTree : [ ]
2015-04-02 11:03:58,297 INFO org.apache.hadoop.mapred.ReduceTask: Using ShuffleConsumerPlugin: org.apache.hadoop.mapreduce.task.reduce.Shuffle@632b2d25
2015-04-02 11:03:58,318 INFO org.apache.hadoop.mapreduce.task.reduce.MergeManagerImpl: MergerManager: memoryLimit=679778688, maxSingleShuffleLimit=169944672, mergeThreshold=448653952, ioSortFactor=10, memToMemMergeOutputsThreshold=10
2015-04-02 11:03:58,325 INFO org.apache.hadoop.mapreduce.task.reduce.EventFetcher: attempt_local1579580389_0001_r_000000_0 Thread started: EventFetcher for fetching Map Completion Events
2015-04-02 11:03:58,354 INFO org.apache.hadoop.mapreduce.task.reduce.LocalFetcher: localfetcher#1 about to shuffle output of map attempt_local1579580389_0001_m_000000_0 decomp: 98 len: 102 to MEMORY
2015-04-02 11:03:58,358 INFO org.apache.hadoop.mapreduce.task.reduce.InMemoryMapOutput: Read 98 bytes from map-output for attempt_local1579580389_0001_m_000000_0
2015-04-02 11:03:58,392 INFO org.apache.hadoop.mapreduce.task.reduce.MergeManagerImpl: closeInMemoryFile -> map-output of size: 98, inMemoryMapOutputs.size() -> 1, commitMemory -> 0, usedMemory ->98
2015-04-02 11:03:58,393 INFO org.apache.hadoop.mapreduce.task.reduce.EventFetcher: EventFetcher is interrupted.. Returning
2015-04-02 11:03:58,394 INFO org.apache.hadoop.mapred.LocalJobRunner: 1 / 1 copied.
2015-04-02 11:03:58,395 INFO org.apache.hadoop.mapreduce.task.reduce.MergeManagerImpl: finalMerge called with 1 in-memory map-outputs and 0 on-disk map-outputs
2015-04-02 11:03:58,404 INFO org.apache.hadoop.mapred.Merger: Merging 1 sorted segments
2015-04-02 11:03:58,404 INFO org.apache.hadoop.mapred.Merger: Down to the last merge-pass, with 1 segments left of total size: 86 bytes
2015-04-02 11:03:58,406 INFO org.apache.hadoop.mapreduce.task.reduce.MergeManagerImpl: Merged 1 segments, 98 bytes to disk to satisfy reduce memory limit
2015-04-02 11:03:58,407 INFO org.apache.hadoop.mapreduce.task.reduce.MergeManagerImpl: Merging 1 files, 102 bytes from disk
2015-04-02 11:03:58,407 INFO org.apache.hadoop.mapreduce.task.reduce.MergeManagerImpl: Merging 0 segments, 0 bytes from memory into reduce
2015-04-02 11:03:58,408 INFO org.apache.hadoop.mapred.Merger: Merging 1 sorted segments
2015-04-02 11:03:58,408 INFO org.apache.hadoop.mapred.Merger: Down to the last merge-pass, with 1 segments left of total size: 86 bytes
2015-04-02 11:03:58,410 INFO org.apache.hadoop.mapred.LocalJobRunner: 1 / 1 copied.
2015-04-02 11:03:58,417 INFO org.apache.hadoop.conf.Configuration.deprecation: mapred.skip.on is deprecated. Instead, use mapreduce.job.skiprecords
2015-04-02 11:03:58,430 INFO org.apache.hadoop.mapred.Task: Task:attempt_local1579580389_0001_r_000000_0 is done. And is in the process of committing
2015-04-02 11:03:58,432 INFO org.apache.hadoop.mapred.LocalJobRunner: 1 / 1 copied.
2015-04-02 11:03:58,432 INFO org.apache.hadoop.mapred.Task: Task attempt_local1579580389_0001_r_000000_0 is allowed to commit now
2015-04-02 11:03:58,433 INFO org.apache.hadoop.mapreduce.lib.output.FileOutputCommitter: Saved output of task 'attempt_local1579580389_0001_r_000000_0' to file:/home/cloudera/Desktop/AdvanceDBHw3-master/WordCount/output/_temporary/0/task_local1579580389_0001_r_000000
2015-04-02 11:03:58,434 INFO org.apache.hadoop.mapred.LocalJobRunner: reduce > reduce
2015-04-02 11:03:58,434 INFO org.apache.hadoop.mapred.Task: Task 'attempt_local1579580389_0001_r_000000_0' done.
2015-04-02 11:03:58,434 INFO org.apache.hadoop.mapred.LocalJobRunner: Finishing task: attempt_local1579580389_0001_r_000000_0
2015-04-02 11:03:58,434 INFO org.apache.hadoop.mapred.LocalJobRunner: reduce task executor complete.
2015-04-02 11:03:59,163 INFO org.apache.hadoop.mapreduce.Job:  map 100% reduce 100%
2015-04-02 11:03:59,164 INFO org.apache.hadoop.mapreduce.Job: Job job_local1579580389_0001 completed successfully
2015-04-02 11:03:59,178 INFO org.apache.hadoop.mapreduce.Job: Counters: 33
	File System Counters
		FILE: Number of bytes read=8213014
		FILE: Number of bytes written=501684
		FILE: Number of read operations=0
		FILE: Number of large read operations=0
		FILE: Number of write operations=0
	Map-Reduce Framework
		Map input records=49995
		Map output records=6
		Map output bytes=84
		Map output materialized bytes=102
		Input split bytes=146
		Combine input records=0
		Combine output records=0
		Reduce input groups=4
		Reduce shuffle bytes=102
		Reduce input records=6
		Reduce output records=4
		Spilled Records=12
		Shuffled Maps =1
		Failed Shuffles=0
		Merged Map outputs=1
		GC time elapsed (ms)=187
		CPU time spent (ms)=0
		Physical memory (bytes) snapshot=0
		Virtual memory (bytes) snapshot=0
		Total committed heap usage (bytes)=333930496
	Shuffle Errors
		BAD_ID=0
		CONNECTION=0
		IO_ERROR=0
		WRONG_LENGTH=0
		WRONG_MAP=0
		WRONG_REDUCE=0
	File Input Format Counters 
		Bytes Read=4106186
	File Output Format Counters 
		Bytes Written=60
